\BOOKMARK [0][-]{chapter.1}{Introduction}{}% 1
\BOOKMARK [0][-]{chapter.2}{Background and Goals}{}% 2
\BOOKMARK [1][-]{section.2.1}{Why Branch Prediction?}{chapter.2}% 3
\BOOKMARK [1][-]{section.2.2}{Branch Prediction Scheme}{chapter.2}% 4
\BOOKMARK [1][-]{section.2.3}{Branch Direction Predictors}{chapter.2}% 5
\BOOKMARK [1][-]{section.2.4}{Static Predictor}{chapter.2}% 6
\BOOKMARK [2][-]{subsection.2.4.1}{Bimodal, Gshare and Gselect Predictor}{section.2.4}% 7
\BOOKMARK [2][-]{subsection.2.4.2}{Perceptron Predictor}{section.2.4}% 8
\BOOKMARK [2][-]{subsection.2.4.3}{TAgged GEometric history length Branch Predictor \(TAGE\)}{section.2.4}% 9
\BOOKMARK [1][-]{section.2.5}{Field Programmable Gate Arrays \(FPGAs\)}{chapter.2}% 10
\BOOKMARK [1][-]{section.2.6}{Design Goals}{chapter.2}% 11
\BOOKMARK [0][-]{chapter.3}{The Minimalistic FPGA-Friendly Branch predictor}{}% 12
\BOOKMARK [1][-]{section.3.1}{Target Prediction}{chapter.3}% 13
\BOOKMARK [2][-]{subsection.3.1.1}{Target Address Pre-calculation}{section.3.1}% 14
\BOOKMARK [2][-]{subsection.3.1.2}{Return Address Stack}{section.3.1}% 15
\BOOKMARK [2][-]{subsection.3.1.3}{Eliminating the BTB}{section.3.1}% 16
\BOOKMARK [1][-]{section.3.2}{Direction Prediction}{chapter.3}% 17
\BOOKMARK [1][-]{section.3.3}{FPGA implementation optimizations}{chapter.3}% 18
\BOOKMARK [2][-]{subsection.3.3.1}{Eliminating the BTB}{section.3.3}% 19
\BOOKMARK [2][-]{subsection.3.3.2}{FPGA-Friendly Direction Predictor Indexing}{section.3.3}% 20
\BOOKMARK [2][-]{subsection.3.3.3}{Instruction Decoding}{section.3.3}% 21
\BOOKMARK [0][-]{chapter.4}{Evaluation}{}% 22
\BOOKMARK [1][-]{section.4.1}{Methodology}{chapter.4}% 23
\BOOKMARK [1][-]{section.4.2}{Target Prediction}{chapter.4}% 24
\BOOKMARK [1][-]{section.4.3}{Direction Prediction}{chapter.4}% 25
\BOOKMARK [2][-]{subsection.4.3.1}{The Minimalistic FPGA-Friendly Branch predictor}{section.4.3}% 26
\BOOKMARK [2][-]{subsection.4.3.2}{The Overriding Branch predictor}{section.4.3}% 27
\BOOKMARK [1][-]{section.4.4}{Area and Frequency}{chapter.4}% 28
\BOOKMARK [2][-]{subsection.4.4.1}{Performance}{section.4.4}% 29
\BOOKMARK [0][-]{chapter.5}{Conclusion}{}% 30
\BOOKMARK [0][-]{chapter.5}{Bibliography}{}% 31
