This is pdfTeX, Version 3.1415926-2.4-1.40.13 (MiKTeX 2.9) (preloaded format=pdflatex 2013.12.2)  5 JUL 2014 16:27
entering extended mode
**D:/github/di-thesis/di-thesis.tex
(D:/github/di-thesis/di-thesis.tex
LaTeX2e <2011/06/27>
Babel <v3.8m> and hyphenation patterns for english, afrikaans, ancientgreek, ar
abic, armenian, assamese, basque, bengali, bokmal, bulgarian, catalan, coptic, 
croatian, czech, danish, dutch, esperanto, estonian, farsi, finnish, french, ga
lician, german, german-x-2012-05-30, greek, gujarati, hindi, hungarian, iceland
ic, indonesian, interlingua, irish, italian, kannada, kurmanji, latin, latvian,
 lithuanian, malayalam, marathi, mongolian, mongolianlmc, monogreek, ngerman, n
german-x-2012-05-30, nynorsk, oriya, panjabi, pinyin, polish, portuguese, roman
ian, russian, sanskrit, serbian, slovak, slovenian, spanish, swedish, swissgerm
an, tamil, telugu, turkish, turkmen, ukenglish, ukrainian, uppersorbian, usengl
ishmax, welsh, loaded.
(D:\github\di-thesis\ut-thesis.cls
Document Class: ut-thesis 2012/06/01 v2.0 graduate theses at the University of 
Toronto
\@thesisfootnotesep=\skip41
\@thesismarginparpush=\skip42
("d:\Program Files (x86)\MiKTeX 2.9\tex\latex\base\report.cls"
Document Class: report 2007/10/19 v1.4h Standard LaTeX document class
("d:\Program Files (x86)\MiKTeX 2.9\tex\latex\base\size10.clo"
File: size10.clo 2007/10/19 v1.4h Standard LaTeX file (size option)
)
\c@part=\count79
\c@chapter=\count80
\c@section=\count81
\c@subsection=\count82
\c@subsubsection=\count83
\c@paragraph=\count84
\c@subparagraph=\count85
\c@figure=\count86
\c@table=\count87
\abovecaptionskip=\skip43
\belowcaptionskip=\skip44
\bibindent=\dimen102
)
("d:\Program Files (x86)\MiKTeX 2.9\tex\latex\tools\calc.sty"
Package: calc 2007/08/22 v4.3 Infix arithmetic (KKT,FJ)
\calc@Acount=\count88
\calc@Bcount=\count89
\calc@Adimen=\dimen103
\calc@Bdimen=\dimen104
\calc@Askip=\skip45
\calc@Bskip=\skip46
LaTeX Info: Redefining \setlength on input line 76.
LaTeX Info: Redefining \addtolength on input line 77.
\calc@Ccount=\count90
\calc@Cskip=\skip47
)
("d:\Program Files (x86)\MiKTeX 2.9\tex\latex\geometry\geometry.sty"
Package: geometry 2010/09/12 v5.6 Page Geometry

("d:\Program Files (x86)\MiKTeX 2.9\tex\latex\graphics\keyval.sty"
Package: keyval 1999/03/16 v1.13 key=value parser (DPC)
\KV@toks@=\toks14
)
("d:\Program Files (x86)\MiKTeX 2.9\tex\generic\oberdiek\ifpdf.sty"
Package: ifpdf 2011/01/30 v2.3 Provides the ifpdf switch (HO)
Package ifpdf Info: pdfTeX in PDF mode is detected.
)
("d:\Program Files (x86)\MiKTeX 2.9\tex\generic\oberdiek\ifvtex.sty"
Package: ifvtex 2010/03/01 v1.5 Detect VTeX and its facilities (HO)
Package ifvtex Info: VTeX not detected.
)
("d:\Program Files (x86)\MiKTeX 2.9\tex\generic\ifxetex\ifxetex.sty"
Package: ifxetex 2010/09/12 v0.6 Provides ifxetex conditional
)
\Gm@cnth=\count91
\Gm@cntv=\count92
\c@Gm@tempcnt=\count93
\Gm@bindingoffset=\dimen105
\Gm@wd@mp=\dimen106
\Gm@odd@mp=\dimen107
\Gm@even@mp=\dimen108
\Gm@layoutwidth=\dimen109
\Gm@layoutheight=\dimen110
\Gm@layouthoffset=\dimen111
\Gm@layoutvoffset=\dimen112
\Gm@dimlist=\toks15

("d:\Program Files (x86)\MiKTeX 2.9\tex\latex\geometry\geometry.cfg"))
("d:\Program Files (x86)\MiKTeX 2.9\tex\latex\setspace\setspace.sty"
Package: setspace 2011/12/19 v6.7a set line spacing
))
("d:\Program Files (x86)\MiKTeX 2.9\tex\latex\graphics\graphicx.sty"
Package: graphicx 1999/02/16 v1.0f Enhanced LaTeX Graphics (DPC,SPQR)

("d:\Program Files (x86)\MiKTeX 2.9\tex\latex\graphics\graphics.sty"
Package: graphics 2009/02/05 v1.0o Standard LaTeX Graphics (DPC,SPQR)

("d:\Program Files (x86)\MiKTeX 2.9\tex\latex\graphics\trig.sty"
Package: trig 1999/03/16 v1.09 sin cos tan (DPC)
)
("d:\Program Files (x86)\MiKTeX 2.9\tex\latex\00miktex\graphics.cfg"
File: graphics.cfg 2007/01/18 v1.5 graphics configuration of teTeX/TeXLive
)
Package graphics Info: Driver file: pdftex.def on input line 91.

("d:\Program Files (x86)\MiKTeX 2.9\tex\latex\pdftex-def\pdftex.def"
File: pdftex.def 2011/05/27 v0.06d Graphics/color for pdfTeX

("d:\Program Files (x86)\MiKTeX 2.9\tex\generic\oberdiek\infwarerr.sty"
Package: infwarerr 2010/04/08 v1.3 Providing info/warning/error messages (HO)
)
("d:\Program Files (x86)\MiKTeX 2.9\tex\generic\oberdiek\ltxcmds.sty"
Package: ltxcmds 2011/11/09 v1.22 LaTeX kernel commands for general use (HO)
)
\Gread@gobject=\count94
))
\Gin@req@height=\dimen113
\Gin@req@width=\dimen114
)
("d:\Program Files (x86)\MiKTeX 2.9\tex\latex\hyperref\hyperref.sty"
Package: hyperref 2012/11/06 v6.83m Hypertext links for LaTeX

("d:\Program Files (x86)\MiKTeX 2.9\tex\generic\oberdiek\hobsub-hyperref.sty"
Package: hobsub-hyperref 2012/04/25 v1.12 Bundle oberdiek, subset hyperref (HO)


("d:\Program Files (x86)\MiKTeX 2.9\tex\generic\oberdiek\hobsub-generic.sty"
Package: hobsub-generic 2012/04/25 v1.12 Bundle oberdiek, subset generic (HO)
Package: hobsub 2012/04/25 v1.12 Construct package bundles (HO)
Package hobsub Info: Skipping package `infwarerr' (already loaded).
Package hobsub Info: Skipping package `ltxcmds' (already loaded).
Package: ifluatex 2010/03/01 v1.3 Provides the ifluatex switch (HO)
Package ifluatex Info: LuaTeX not detected.
Package hobsub Info: Skipping package `ifvtex' (already loaded).
Package: intcalc 2007/09/27 v1.1 Expandable calculations with integers (HO)
Package hobsub Info: Skipping package `ifpdf' (already loaded).
Package: etexcmds 2011/02/16 v1.5 Avoid name clashes with e-TeX commands (HO)
Package etexcmds Info: Could not find \expanded.
(etexcmds)             That can mean that you are not using pdfTeX 1.50 or
(etexcmds)             that some package has redefined \expanded.
(etexcmds)             In the latter case, load this package earlier.
Package: kvsetkeys 2012/04/25 v1.16 Key value parser (HO)
Package: kvdefinekeys 2011/04/07 v1.3 Define keys (HO)
Package: pdftexcmds 2011/11/29 v0.20 Utility functions of pdfTeX for LuaTeX (HO
)
Package pdftexcmds Info: LuaTeX not detected.
Package pdftexcmds Info: \pdf@primitive is available.
Package pdftexcmds Info: \pdf@ifprimitive is available.
Package pdftexcmds Info: \pdfdraftmode found.
Package: pdfescape 2011/11/25 v1.13 Implements pdfTeX's escape features (HO)
Package: bigintcalc 2012/04/08 v1.3 Expandable calculations on big integers (HO
)
Package: bitset 2011/01/30 v1.1 Handle bit-vector datatype (HO)
Package: uniquecounter 2011/01/30 v1.2 Provide unlimited unique counter (HO)
)
Package hobsub Info: Skipping package `hobsub' (already loaded).
Package: letltxmacro 2010/09/02 v1.4 Let assignment for LaTeX macros (HO)
Package: hopatch 2011/06/24 v1.1 Wrapper for package hooks (HO)
Package: xcolor-patch 2011/01/30 xcolor patch
Package: atveryend 2011/06/30 v1.8 Hooks at the very end of document (HO)
Package atveryend Info: \enddocument detected (standard20110627).
Package: atbegshi 2011/10/05 v1.16 At begin shipout hook (HO)
Package: refcount 2011/10/16 v3.4 Data extraction from label references (HO)
Package: hycolor 2011/01/30 v1.7 Color options for hyperref/bookmark (HO)
)
("d:\Program Files (x86)\MiKTeX 2.9\tex\latex\oberdiek\auxhook.sty"
Package: auxhook 2011/03/04 v1.3 Hooks for auxiliary files (HO)
)
("d:\Program Files (x86)\MiKTeX 2.9\tex\latex\oberdiek\kvoptions.sty"
Package: kvoptions 2011/06/30 v3.11 Key value format for package options (HO)
)
\@linkdim=\dimen115
\Hy@linkcounter=\count95
\Hy@pagecounter=\count96

("d:\Program Files (x86)\MiKTeX 2.9\tex\latex\hyperref\pd1enc.def"
File: pd1enc.def 2012/11/06 v6.83m Hyperref: PDFDocEncoding definition (HO)
)
\Hy@SavedSpaceFactor=\count97

("d:\Program Files (x86)\MiKTeX 2.9\tex\latex\00miktex\hyperref.cfg"
File: hyperref.cfg 2002/06/06 v1.2 hyperref configuration of TeXLive
)
Package hyperref Info: Hyper figures OFF on input line 4443.
Package hyperref Info: Link nesting OFF on input line 4448.
Package hyperref Info: Hyper index ON on input line 4451.
Package hyperref Info: Plain pages OFF on input line 4458.
Package hyperref Info: Backreferencing OFF on input line 4463.
Package hyperref Info: Implicit mode ON; LaTeX internals redefined.
Package hyperref Info: Bookmarks ON on input line 4688.
\c@Hy@tempcnt=\count98

("d:\Program Files (x86)\MiKTeX 2.9\tex\latex\ltxmisc\url.sty"
\Urlmuskip=\muskip10
Package: url 2006/04/12  ver 3.3  Verb mode for urls, etc.
)
LaTeX Info: Redefining \url on input line 5041.
\XeTeXLinkMargin=\dimen116
\Fld@menulength=\count99
\Field@Width=\dimen117
\Fld@charsize=\dimen118
Package hyperref Info: Hyper figures OFF on input line 6295.
Package hyperref Info: Link nesting OFF on input line 6300.
Package hyperref Info: Hyper index ON on input line 6303.
Package hyperref Info: backreferencing OFF on input line 6310.
Package hyperref Info: Link coloring OFF on input line 6315.
Package hyperref Info: Link coloring with OCG OFF on input line 6320.
Package hyperref Info: PDF/A mode OFF on input line 6325.
LaTeX Info: Redefining \ref on input line 6365.
LaTeX Info: Redefining \pageref on input line 6369.
\Hy@abspage=\count100
\c@Item=\count101
\c@Hfootnote=\count102
)

Package hyperref Message: Driver (autodetected): hpdftex.

("d:\Program Files (x86)\MiKTeX 2.9\tex\latex\hyperref\hpdftex.def"
File: hpdftex.def 2012/11/06 v6.83m Hyperref driver for pdfTeX
\Fld@listcount=\count103
\c@bookmark@seq@number=\count104

("d:\Program Files (x86)\MiKTeX 2.9\tex\latex\oberdiek\rerunfilecheck.sty"
Package: rerunfilecheck 2011/04/15 v1.7 Rerun checks for auxiliary files (HO)
Package uniquecounter Info: New unique counter `rerunfilecheck' on input line 2
82.
)
\Hy@SectionHShift=\skip48
)
Package hyperref Info: Option `colorlinks' set `true' on input line 51.

(D:\github\di-thesis\di-thesis.aux (D:\github\di-thesis\introduction.aux)
(D:\github\di-thesis\background.aux) (D:\github\di-thesis\minimal.aux)
(D:\github\di-thesis\evaluation.aux) (D:\github\di-thesis\conclusion.aux))
LaTeX Font Info:    Checking defaults for OML/cmm/m/it on input line 116.
LaTeX Font Info:    ... okay on input line 116.
LaTeX Font Info:    Checking defaults for T1/cmr/m/n on input line 116.
LaTeX Font Info:    ... okay on input line 116.
LaTeX Font Info:    Checking defaults for OT1/cmr/m/n on input line 116.
LaTeX Font Info:    ... okay on input line 116.
LaTeX Font Info:    Checking defaults for OMS/cmsy/m/n on input line 116.
LaTeX Font Info:    ... okay on input line 116.
LaTeX Font Info:    Checking defaults for OMX/cmex/m/n on input line 116.
LaTeX Font Info:    ... okay on input line 116.
LaTeX Font Info:    Checking defaults for U/cmr/m/n on input line 116.
LaTeX Font Info:    ... okay on input line 116.
LaTeX Font Info:    Checking defaults for PD1/pdf/m/n on input line 116.
LaTeX Font Info:    ... okay on input line 116.

*geometry* driver: auto-detecting
*geometry* detected driver: pdftex
*geometry* verbose mode - [ preamble ] result:
* driver: pdftex
* paper: <default>
* layout: <same size as paper>
* layoutoffset:(h,v)=(0.0pt,0.0pt)
* modes: 
* h-part:(L,W,R)=(90.3375pt, 451.68752pt, 72.26999pt)
* v-part:(T,H,B)=(72.26999pt, 650.43001pt, 72.26999pt)
* \paperwidth=614.295pt
* \paperheight=794.96999pt
* \textwidth=451.68752pt
* \textheight=650.43001pt
* \oddsidemargin=18.0675pt
* \evensidemargin=18.0675pt
* \topmargin=-36.135pt
* \headheight=12.0pt
* \headsep=24.135pt
* \topskip=10.0pt
* \footskip=36.135pt
* \marginparwidth=54.2025pt
* \marginparsep=9.03374pt
* \columnsep=10.0pt
* \skip\footins=9.0pt plus 4.0pt minus 2.0pt
* \hoffset=0.0pt
* \voffset=0.0pt
* \mag=1000
* \@twocolumnfalse
* \@twosidefalse
* \@mparswitchfalse
* \@reversemarginfalse
* (1in=72.27pt=25.4mm, 1cm=28.453pt)

("d:\Program Files (x86)\MiKTeX 2.9\tex\context\base\supp-pdf.mkii"
[Loading MPS to PDF converter (version 2006.09.02).]
\scratchcounter=\count105
\scratchdimen=\dimen119
\scratchbox=\box26
\nofMPsegments=\count106
\nofMParguments=\count107
\everyMPshowfont=\toks16
\MPscratchCnt=\count108
\MPscratchDim=\dimen120
\MPnumerator=\count109
\makeMPintoPDFobject=\count110
\everyMPtoPDFconversion=\toks17
)
\AtBeginShipoutBox=\box27
 ("d:\Program Files (x86)\MiKTeX 2.9\tex\latex\graphics\color.sty"
Package: color 2005/11/14 v1.0j Standard LaTeX Color (DPC)

("d:\Program Files (x86)\MiKTeX 2.9\tex\latex\00miktex\color.cfg"
File: color.cfg 2007/01/18 v1.5 color configuration of teTeX/TeXLive
)
Package color Info: Driver file: pdftex.def on input line 130.
)
Package hyperref Info: Link coloring ON on input line 116.

("d:\Program Files (x86)\MiKTeX 2.9\tex\latex\hyperref\nameref.sty"
Package: nameref 2012/10/27 v2.43 Cross-referencing by name of section

("d:\Program Files (x86)\MiKTeX 2.9\tex\generic\oberdiek\gettitlestring.sty"
Package: gettitlestring 2010/12/03 v1.4 Cleanup title references (HO)
)
\c@section@level=\count111
)
LaTeX Info: Redefining \ref on input line 116.
LaTeX Info: Redefining \pageref on input line 116.
LaTeX Info: Redefining \nameref on input line 116.

(D:\github\di-thesis\di-thesis.out) (D:\github\di-thesis\di-thesis.out)
\@outlinefile=\write3
LaTeX Font Info:    Try loading font information for OMS+cmr on input line 124.


("d:\Program Files (x86)\MiKTeX 2.9\tex\latex\base\omscmr.fd"
File: omscmr.fd 1999/05/25 v2.5h Standard LaTeX font definitions
)
LaTeX Font Info:    Font shape `OMS/cmr/m/n' in size <12> not available
(Font)              Font shape `OMS/cmsy/m/n' tried instead on input line 124.
 [1

{C:/ProgramData/MiKTeX/2.9/pdftex/config/pdftex.map}] [2] [3]
(D:\github\di-thesis\di-thesis.toc
LaTeX Font Info:    External font `cmex10' loaded for size
(Font)              <7> on input line 3.
LaTeX Font Info:    External font `cmex10' loaded for size
(Font)              <5> on input line 3.
 [4

])
\tf@toc=\write4
 [5] (D:\github\di-thesis\di-thesis.lot)
\tf@lot=\write5
[6

] (D:\github\di-thesis\di-thesis.lof)
\tf@lof=\write6
 [7

]
(D:\github\di-thesis\introduction.tex
Chapter 1.

Overfull \hbox (44.52625pt too wide) in paragraph at lines 11--12
\OT1/cmr/m/n/10 branch pre-dic-tors as over-rid-ing pre-dic-tors. It shows that
 XXXXXXXXXXXXX????????????????????????????????? 
 []

[1



]) [2] (D:\github\di-thesis\background.tex
Chapter 2.
<Figures/bpcanonical.pdf, id=243, 794.97pt x 614.295pt>
File: Figures/bpcanonical.pdf Graphic file (type pdf)

<use Figures/bpcanonical.pdf>
Package pdftex.def Info: Figures/bpcanonical.pdf used on input line 19.
(pdftex.def)             Requested size: 686.56339pt x 484.20763pt.
 [3



]
Underfull \vbox (badness 2582) has occurred while \output is active []

 [4 <D:/github/di-thesis/Figures/bpcanonical.pdf>]
<Figures/simpleDIR.pdf, id=309, 722.7pt x 542.025pt>
File: Figures/simpleDIR.pdf Graphic file (type pdf)

<use Figures/simpleDIR.pdf>
Package pdftex.def Info: Figures/simpleDIR.pdf used on input line 36.
(pdftex.def)             Requested size: 635.9747pt x 368.57544pt.

<Figures/perceptron.pdf, id=313, 722.7pt x 542.025pt>
File: Figures/perceptron.pdf Graphic file (type pdf)

<use Figures/perceptron.pdf>
Package pdftex.def Info: Figures/perceptron.pdf used on input line 44.
(pdftex.def)             Requested size: 505.88881pt x 180.67458pt.
Missing character: There is no â in font cmr7!
Missing character: There is no ˆ in font cmr7!
Missing character: There is no ’ in font cmr7!
 [5 <D:/github/di-thesis/Figures/simpleDIR.pdf>]
<Figures/tage.pdf, id=342, 722.7pt x 542.025pt>
File: Figures/tage.pdf Graphic file (type pdf)
 <use Figures/tage.pdf>
Package pdftex.def Info: Figures/tage.pdf used on input line 52.
(pdftex.def)             Requested size: 505.88881pt x 180.67458pt.
 [6 <D:/github/di-thesis/Figures/perceptron.pdf> <D:/github/di-thesis/Figures/t
age.pdf>]) [7] (D:\github\di-thesis\minimal.tex
Chapter 3.
[8



] <Figures/bimodalCP.pdf, id=490, 722.7pt x 542.025pt>
File: Figures/bimodalCP.pdf Graphic file (type pdf)

<use Figures/bimodalCP.pdf>
Package pdftex.def Info: Figures/bimodalCP.pdf used on input line 18.
(pdftex.def)             Requested size: 722.69823pt x 455.30014pt.

<Figures/histogram.pdf, id=494, 597.55246pt x 845.07718pt>
File: Figures/histogram.pdf Graphic file (type pdf)

<use Figures/histogram.pdf>
Package pdftex.def Info: Figures/histogram.pdf used on input line 22.
(pdftex.def)             Requested size: 489.1463pt x 303.05148pt.

<Figures/histogram_ind_jmp.pdf, id=496, 597.55246pt x 845.07718pt>
File: Figures/histogram_ind_jmp.pdf Graphic file (type pdf)

<use Figures/histogram_ind_jmp.pdf>
Package pdftex.def Info: Figures/histogram_ind_jmp.pdf used on input line 31.
(pdftex.def)             Requested size: 496.37262pt x 288.59663pt.

Underfull \vbox (badness 10000) has occurred while \output is active []

 [9 <D:/github/di-thesis/Figures/bimodalCP.pdf>] [10 <D:/github/di-thesis/Figur
es/histogram.pdf> <D:/github/di-thesis/Figures/histogram_ind_jmp.pdf>] [11]
<Figures/GSelectCP.pdf, id=597, 1084.05pt x 939.51pt>
File: Figures/GSelectCP.pdf Graphic file (type pdf)

<use Figures/GSelectCP.pdf>
Package pdftex.def Info: Figures/GSelectCP.pdf used on input line 63.
(pdftex.def)             Requested size: 316.17987pt x 166.69356pt.
) [12 <D:/github/di-thesis/Figures/GSelectCP.pdf>]
(D:\github\di-thesis\evaluation.tex
Chapter 4.

LaTeX Warning: Reference `sec:fpga:nobtb' on page 13 undefined on input line 13
.

[13



] <Figures/target_mpki.pdf, id=702, 845.07718pt x 597.55246pt>
File: Figures/target_mpki.pdf Graphic file (type pdf)

<use Figures/target_mpki.pdf>
Package pdftex.def Info: Figures/target_mpki.pdf used on input line 25.
(pdftex.def)             Requested size: 198.7436pt x 90.48145pt.

<Figures/direction_mpki.pdf, id=705, 597.55246pt x 845.07718pt>
File: Figures/direction_mpki.pdf Graphic file (type pdf)

<use Figures/direction_mpki.pdf>
Package pdftex.def Info: Figures/direction_mpki.pdf used on input line 38.
(pdftex.def)             Requested size: 203.258pt x 112.57692pt.


LaTeX Warning: Reference `sec:fpga' on page 14 undefined on input line 40.

[14 <D:/github/di-thesis/Figures/target_mpki.pdf> <D:/github/di-thesis/Figures/
direction_mpki.pdf>] <Figures/Fmax.pdf, id=728, 597.55246pt x 845.07718pt>
File: Figures/Fmax.pdf Graphic file (type pdf)

<use Figures/Fmax.pdf>
Package pdftex.def Info: Figures/Fmax.pdf used on input line 56.
(pdftex.def)             Requested size: 203.258pt x 127.0545pt.
 <Figures/ipc.pdf, id=731, 845.07718pt x 597.55246pt>
File: Figures/ipc.pdf Graphic file (type pdf)

<use Figures/ipc.pdf>
Package pdftex.def Info: Figures/ipc.pdf used on input line 63.
(pdftex.def)             Requested size: 203.258pt x 88.73604pt.
 <Figures/ips.pdf, id=735, 597.55246pt x 845.07718pt>
File: Figures/ips.pdf Graphic file (type pdf)

<use Figures/ips.pdf>
Package pdftex.def Info: Figures/ips.pdf used on input line 67.
(pdftex.def)             Requested size: 203.258pt x 106.48079pt.
) [15 <D:/github/di-thesis/Figures/Fmax.pdf> <D:/github/di-thesis/Figures/ipc.p
df>] [16 <D:/github/di-thesis/Figures/ips.pdf>]
(D:\github\di-thesis\conclusion.tex
Chapter 5.
) [17



] (D:\github\di-thesis\di-thesis.bbl)
Package atveryend Info: Empty hook `BeforeClearDocument' on input line 218.
 [18


]
Package atveryend Info: Empty hook `AfterLastShipout' on input line 218.

(D:\github\di-thesis\di-thesis.aux (D:\github\di-thesis\introduction.aux)
(D:\github\di-thesis\background.aux) (D:\github\di-thesis\minimal.aux)
(D:\github\di-thesis\evaluation.aux) (D:\github\di-thesis\conclusion.aux))
Package atveryend Info: Executing hook `AtVeryEndDocument' on input line 218.
Package atveryend Info: Executing hook `AtEndAfterFileList' on input line 218.
Package rerunfilecheck Info: File `di-thesis.out' has not changed.
(rerunfilecheck)             Checksum: BF61B9FEC815F264C7F86AD8E4EE47FF;2258.


LaTeX Warning: There were undefined references.

Package atveryend Info: Empty hook `AtVeryVeryEnd' on input line 218.
 ) 
Here is how much of TeX's memory you used:
 5915 strings out of 493921
 89162 string characters out of 3144885
 177018 words of memory out of 3000000
 9031 multiletter control sequences out of 15000+200000
 8096 words of font info for 29 fonts, out of 3000000 for 9000
 841 hyphenation exceptions out of 8191
 30i,9n,34p,1200b,411s stack positions out of 5000i,500n,10000p,200000b,50000s
<d:/Program Files (x86)/MiKTeX 2.9/fonts/type1/public/amsfonts/cm/cmbx10.pfb>
<d:/Program Files (x86)/MiKTeX 2.9/fonts/type1/public/amsfonts/cm/cmbx12.pfb><d
:/Program Files (x86)/MiKTeX 2.9/fonts/type1/public/amsfonts/cm/cmcsc10.pfb><d:
/Program Files (x86)/MiKTeX 2.9/fonts/type1/public/amsfonts/cm/cmmi10.pfb><d:/P
rogram Files (x86)/MiKTeX 2.9/fonts/type1/public/amsfonts/cm/cmmi7.pfb><d:/Prog
ram Files (x86)/MiKTeX 2.9/fonts/type1/public/amsfonts/cm/cmr10.pfb><d:/Program
 Files (x86)/MiKTeX 2.9/fonts/type1/public/amsfonts/cm/cmr12.pfb><d:/Program Fi
les (x86)/MiKTeX 2.9/fonts/type1/public/amsfonts/cm/cmr7.pfb><d:/Program Files 
(x86)/MiKTeX 2.9/fonts/type1/public/amsfonts/cm/cmsy10.pfb><d:/Program Files (x
86)/MiKTeX 2.9/fonts/type1/public/amsfonts/cm/cmti10.pfb><d:/Program Files (x86
)/MiKTeX 2.9/fonts/type1/public/amsfonts/cm/cmtt10.pfb>
Output written on di-thesis.pdf (25 pages, 1487663 bytes).
PDF statistics:
 850 PDF objects out of 1000 (max. 8388607)
 87 named destinations out of 1000 (max. 500000)
 392 words of extra memory for PDF output out of 10000 (max. 10000000)

